<?xml version="1.0" encoding="UTF-8" ?>
<testsuite tests="8" failures="0" name="testrunner.Testrunner" time="0.472" errors="0" skipped="0">
  <properties>
[...]
</properties>
  <testcase classname="Scenario: Enter the education form" name="Given I enter the name a Primary_School" time="0.002"/>
  <testcase classname="Scenario: Enter the education form" name="Given I enter the name a Secondary_School" time="0"/>
  <testcase classname="Scenario: Enter the education form" name="Given I enter the name a Intermediate" time="0"/>
  <testcase classname="Scenario: Enter the education form" name="When I enter the name a Engineering" time="0"/>
  <testcase classname="Scenario: Enter the education form" name="When I enter the name a University" time="0"/>
  <testcase classname="Scenario: Enter the education form" name="When I enter the intermediate_Percentage" time="0"/>
  <testcase classname="Scenario: Enter the education form" name="When I click on gender" time="0"/>
  <testcase classname="Scenario: Enter the education form" name="Scenario: Enter the education form" time="0.47"/>
</testsuite>